<?xml version="1.0" encoding="UTF-8"?>
<!-- Generated by org.testng.reporters.JUnitReportReporter -->
<testsuite hostname="TYSS-Shobha" failures="0" tests="3" name="pratice.DataProviderEx1" time="0.009" errors="0" timestamp="2023-08-15T07:33:12 IST" skipped="0">
  <testcase classname="pratice.DataProviderEx1" name="bookTickets" time="0.001"/>
  <system-out/>
  <testcase classname="pratice.DataProviderEx1" name="bookTickets" time="0.001"/>
  <system-out/>
  <testcase classname="pratice.DataProviderEx1" name="bookTickets" time="0.007"/>
  <system-out/>
</testsuite> <!-- pratice.DataProviderEx1 -->
