<?xml version="1.0" encoding="UTF-8"?>
<!-- Generated by org.testng.reporters.JUnitReportReporter -->
<testsuite hostname="TYSS-Shobha" failures="0" tests="3" name="pratice.DataProviderEx2" time="60.636" errors="0" timestamp="2023-08-15T08:04:17 IST" skipped="0">
  <testcase classname="pratice.DataProviderEx2" name="vTiger" time="20.046"/>
  <system-out/>
  <testcase classname="pratice.DataProviderEx2" name="vTiger" time="20.908"/>
  <system-out/>
  <testcase classname="pratice.DataProviderEx2" name="vTiger" time="19.682"/>
  <system-out/>
</testsuite> <!-- pratice.DataProviderEx2 -->
